german AdONE structural: {'dp': '2.010285 ± 0.187003', 'eoo': '1.180223 ± 0.446571', 'auc': '51.037851 ± 0.244200', 'f1': '8.857143 ± 0.571429', 'acc': '87.240000 ± 0.080000', 'prauc': '13.834444 ± 0.602222', 'ap': '9.237778 ± 0.075556'}
german AdONE contextual: {'dp': '0.303343 ± 0.140004', 'eoo': '0.882353 ± 0.441176', 'auc': '80.105263 ± 0.315789', 'f1': '62.200000 ± 0.600000', 'acc': '96.220000 ± 0.060000', 'prauc': '63.145000 ± 0.585000', 'ap': '40.582000 ± 0.726000'}
german AdONE dice: {'dp': '1.190037 ± 0.000000', 'eoo': '8.088235 ± 0.000000', 'auc': '83.157895 ± 0.000000', 'f1': '68.000000 ± 0.000000', 'acc': '96.800000 ± 0.000000', 'prauc': '68.800000 ± 0.000000', 'ap': '47.840000 ± 0.000000'}
german AdONE path: {'dp': '1.977736 ± 0.141267', 'eoo': '0.489510 ± 0.769231', 'auc': '56.736842 ± 0.315789', 'f1': '17.800000 ± 0.600000', 'acc': '91.780000 ± 0.060000', 'prauc': '19.855000 ± 0.585000', 'ap': '7.282000 ± 0.174000'}
german AdONE cont_struc: {'dp': '2.142964 ± 0.000000', 'eoo': '22.807018 ± 0.000000', 'auc': '61.904762 ± 0.000000', 'f1': '31.666667 ± 0.000000', 'acc': '91.800000 ± 0.000000', 'prauc': '35.121429 ± 0.000000', 'ap': '15.414286 ± 0.000000'}
german AdONE path_dice: {'dp': '1.677102 ± 0.000000', 'eoo': '11.428571 ± 0.000000', 'auc': '51.578947 ± 0.000000', 'f1': '8.000000 ± 0.000000', 'acc': '90.800000 ± 0.000000', 'prauc': '10.300000 ± 0.000000', 'ap': '5.240000 ± 0.000000'}
/home/yuchen/anaconda3/envs/pygod_env/lib/python3.10/site-packages/pygod/detector/anomalydae.py:130: UserWarning: Backbone and num_layers are not used in AnomalyDAE
  warnings.warn("Backbone and num_layers are not used in AnomalyDAE")
/home/yuchen/anaconda3/envs/pygod_env/lib/python3.10/site-packages/pygod/detector/anomalydae.py:130: UserWarning: Backbone and num_layers are not used in AnomalyDAE
  warnings.warn("Backbone and num_layers are not used in AnomalyDAE")
/home/yuchen/anaconda3/envs/pygod_env/lib/python3.10/site-packages/pygod/detector/anomalydae.py:130: UserWarning: Backbone and num_layers are not used in AnomalyDAE
  warnings.warn("Backbone and num_layers are not used in AnomalyDAE")
/home/yuchen/anaconda3/envs/pygod_env/lib/python3.10/site-packages/pygod/detector/anomalydae.py:130: UserWarning: Backbone and num_layers are not used in AnomalyDAE
  warnings.warn("Backbone and num_layers are not used in AnomalyDAE")
/home/yuchen/anaconda3/envs/pygod_env/lib/python3.10/site-packages/pygod/detector/anomalydae.py:130: UserWarning: Backbone and num_layers are not used in AnomalyDAE
  warnings.warn("Backbone and num_layers are not used in AnomalyDAE")
/home/yuchen/anaconda3/envs/pygod_env/lib/python3.10/site-packages/pygod/detector/anomalydae.py:130: UserWarning: Backbone and num_layers are not used in AnomalyDAE
  warnings.warn("Backbone and num_layers are not used in AnomalyDAE")
/home/yuchen/anaconda3/envs/pygod_env/lib/python3.10/site-packages/pygod/detector/anomalydae.py:130: UserWarning: Backbone and num_layers are not used in AnomalyDAE
  warnings.warn("Backbone and num_layers are not used in AnomalyDAE")
/home/yuchen/anaconda3/envs/pygod_env/lib/python3.10/site-packages/pygod/detector/anomalydae.py:130: UserWarning: Backbone and num_layers are not used in AnomalyDAE
  warnings.warn("Backbone and num_layers are not used in AnomalyDAE")
/home/yuchen/anaconda3/envs/pygod_env/lib/python3.10/site-packages/pygod/detector/anomalydae.py:130: UserWarning: Backbone and num_layers are not used in AnomalyDAE
  warnings.warn("Backbone and num_layers are not used in AnomalyDAE")
/home/yuchen/anaconda3/envs/pygod_env/lib/python3.10/site-packages/pygod/detector/anomalydae.py:130: UserWarning: Backbone and num_layers are not used in AnomalyDAE
  warnings.warn("Backbone and num_layers are not used in AnomalyDAE")
german AnomalyDAE structural: {'dp': '2.337541 ± 1.496756', 'eoo': '1.228070 ± 1.405048', 'auc': '48.656899 ± 1.445997', 'f1': '3.285714 ± 3.383634', 'acc': '86.460000 ± 0.473709', 'prauc': '7.962778 ± 3.565974', 'ap': '9.012222 ± 0.068934'}
/home/yuchen/anaconda3/envs/pygod_env/lib/python3.10/site-packages/pygod/detector/anomalydae.py:130: UserWarning: Backbone and num_layers are not used in AnomalyDAE
  warnings.warn("Backbone and num_layers are not used in AnomalyDAE")
/home/yuchen/anaconda3/envs/pygod_env/lib/python3.10/site-packages/pygod/detector/anomalydae.py:130: UserWarning: Backbone and num_layers are not used in AnomalyDAE
  warnings.warn("Backbone and num_layers are not used in AnomalyDAE")
/home/yuchen/anaconda3/envs/pygod_env/lib/python3.10/site-packages/pygod/detector/anomalydae.py:130: UserWarning: Backbone and num_layers are not used in AnomalyDAE
  warnings.warn("Backbone and num_layers are not used in AnomalyDAE")
/home/yuchen/anaconda3/envs/pygod_env/lib/python3.10/site-packages/pygod/detector/anomalydae.py:130: UserWarning: Backbone and num_layers are not used in AnomalyDAE
  warnings.warn("Backbone and num_layers are not used in AnomalyDAE")
/home/yuchen/anaconda3/envs/pygod_env/lib/python3.10/site-packages/pygod/detector/anomalydae.py:130: UserWarning: Backbone and num_layers are not used in AnomalyDAE
  warnings.warn("Backbone and num_layers are not used in AnomalyDAE")
/home/yuchen/anaconda3/envs/pygod_env/lib/python3.10/site-packages/pygod/detector/anomalydae.py:130: UserWarning: Backbone and num_layers are not used in AnomalyDAE
  warnings.warn("Backbone and num_layers are not used in AnomalyDAE")
/home/yuchen/anaconda3/envs/pygod_env/lib/python3.10/site-packages/pygod/detector/anomalydae.py:130: UserWarning: Backbone and num_layers are not used in AnomalyDAE
  warnings.warn("Backbone and num_layers are not used in AnomalyDAE")
/home/yuchen/anaconda3/envs/pygod_env/lib/python3.10/site-packages/pygod/detector/anomalydae.py:130: UserWarning: Backbone and num_layers are not used in AnomalyDAE
  warnings.warn("Backbone and num_layers are not used in AnomalyDAE")
/home/yuchen/anaconda3/envs/pygod_env/lib/python3.10/site-packages/pygod/detector/anomalydae.py:130: UserWarning: Backbone and num_layers are not used in AnomalyDAE
  warnings.warn("Backbone and num_layers are not used in AnomalyDAE")
/home/yuchen/anaconda3/envs/pygod_env/lib/python3.10/site-packages/pygod/detector/anomalydae.py:130: UserWarning: Backbone and num_layers are not used in AnomalyDAE
  warnings.warn("Backbone and num_layers are not used in AnomalyDAE")
german AnomalyDAE contextual: {'dp': '3.905749 ± 1.355281', 'eoo': '0.772059 ± 2.082648', 'auc': '49.115789 ± 3.501151', 'f1': '4.058608 ± 8.136302', 'acc': '90.980000 ± 1.960000', 'prauc': '8.376026 ± 11.755147', 'ap': '6.077179 ± 2.163632'}
/home/yuchen/anaconda3/envs/pygod_env/lib/python3.10/site-packages/pygod/detector/anomalydae.py:130: UserWarning: Backbone and num_layers are not used in AnomalyDAE
  warnings.warn("Backbone and num_layers are not used in AnomalyDAE")
/home/yuchen/anaconda3/envs/pygod_env/lib/python3.10/site-packages/pygod/detector/anomalydae.py:130: UserWarning: Backbone and num_layers are not used in AnomalyDAE
  warnings.warn("Backbone and num_layers are not used in AnomalyDAE")
/home/yuchen/anaconda3/envs/pygod_env/lib/python3.10/site-packages/pygod/detector/anomalydae.py:130: UserWarning: Backbone and num_layers are not used in AnomalyDAE
  warnings.warn("Backbone and num_layers are not used in AnomalyDAE")
/home/yuchen/anaconda3/envs/pygod_env/lib/python3.10/site-packages/pygod/detector/anomalydae.py:130: UserWarning: Backbone and num_layers are not used in AnomalyDAE
  warnings.warn("Backbone and num_layers are not used in AnomalyDAE")
/home/yuchen/anaconda3/envs/pygod_env/lib/python3.10/site-packages/pygod/detector/anomalydae.py:130: UserWarning: Backbone and num_layers are not used in AnomalyDAE
  warnings.warn("Backbone and num_layers are not used in AnomalyDAE")
/home/yuchen/anaconda3/envs/pygod_env/lib/python3.10/site-packages/pygod/detector/anomalydae.py:130: UserWarning: Backbone and num_layers are not used in AnomalyDAE
  warnings.warn("Backbone and num_layers are not used in AnomalyDAE")
/home/yuchen/anaconda3/envs/pygod_env/lib/python3.10/site-packages/pygod/detector/anomalydae.py:130: UserWarning: Backbone and num_layers are not used in AnomalyDAE
  warnings.warn("Backbone and num_layers are not used in AnomalyDAE")
/home/yuchen/anaconda3/envs/pygod_env/lib/python3.10/site-packages/pygod/detector/anomalydae.py:130: UserWarning: Backbone and num_layers are not used in AnomalyDAE
  warnings.warn("Backbone and num_layers are not used in AnomalyDAE")
/home/yuchen/anaconda3/envs/pygod_env/lib/python3.10/site-packages/pygod/detector/anomalydae.py:130: UserWarning: Backbone and num_layers are not used in AnomalyDAE
  warnings.warn("Backbone and num_layers are not used in AnomalyDAE")
/home/yuchen/anaconda3/envs/pygod_env/lib/python3.10/site-packages/pygod/detector/anomalydae.py:130: UserWarning: Backbone and num_layers are not used in AnomalyDAE
  warnings.warn("Backbone and num_layers are not used in AnomalyDAE")
german AnomalyDAE dice: {'dp': '2.683417 ± 0.802909', 'eoo': '1.323529 ± 3.116121', 'auc': '48.421053 ± 2.824507', 'f1': '2.000000 ± 5.366563', 'acc': '90.200000 ± 0.536656', 'prauc': '4.450000 ± 5.232399', 'ap': '5.228000 ± 0.704227'}
/home/yuchen/anaconda3/envs/pygod_env/lib/python3.10/site-packages/pygod/detector/anomalydae.py:130: UserWarning: Backbone and num_layers are not used in AnomalyDAE
  warnings.warn("Backbone and num_layers are not used in AnomalyDAE")
/home/yuchen/anaconda3/envs/pygod_env/lib/python3.10/site-packages/pygod/detector/anomalydae.py:130: UserWarning: Backbone and num_layers are not used in AnomalyDAE
  warnings.warn("Backbone and num_layers are not used in AnomalyDAE")
/home/yuchen/anaconda3/envs/pygod_env/lib/python3.10/site-packages/pygod/detector/anomalydae.py:130: UserWarning: Backbone and num_layers are not used in AnomalyDAE
  warnings.warn("Backbone and num_layers are not used in AnomalyDAE")
/home/yuchen/anaconda3/envs/pygod_env/lib/python3.10/site-packages/pygod/detector/anomalydae.py:130: UserWarning: Backbone and num_layers are not used in AnomalyDAE
  warnings.warn("Backbone and num_layers are not used in AnomalyDAE")
/home/yuchen/anaconda3/envs/pygod_env/lib/python3.10/site-packages/pygod/detector/anomalydae.py:130: UserWarning: Backbone and num_layers are not used in AnomalyDAE
  warnings.warn("Backbone and num_layers are not used in AnomalyDAE")
/home/yuchen/anaconda3/envs/pygod_env/lib/python3.10/site-packages/pygod/detector/anomalydae.py:130: UserWarning: Backbone and num_layers are not used in AnomalyDAE
  warnings.warn("Backbone and num_layers are not used in AnomalyDAE")
/home/yuchen/anaconda3/envs/pygod_env/lib/python3.10/site-packages/pygod/detector/anomalydae.py:130: UserWarning: Backbone and num_layers are not used in AnomalyDAE
  warnings.warn("Backbone and num_layers are not used in AnomalyDAE")
/home/yuchen/anaconda3/envs/pygod_env/lib/python3.10/site-packages/pygod/detector/anomalydae.py:130: UserWarning: Backbone and num_layers are not used in AnomalyDAE
  warnings.warn("Backbone and num_layers are not used in AnomalyDAE")
/home/yuchen/anaconda3/envs/pygod_env/lib/python3.10/site-packages/pygod/detector/anomalydae.py:130: UserWarning: Backbone and num_layers are not used in AnomalyDAE
  warnings.warn("Backbone and num_layers are not used in AnomalyDAE")
/home/yuchen/anaconda3/envs/pygod_env/lib/python3.10/site-packages/pygod/detector/anomalydae.py:130: UserWarning: Backbone and num_layers are not used in AnomalyDAE
  warnings.warn("Backbone and num_layers are not used in AnomalyDAE")
german AnomalyDAE path: {'dp': '3.484583 ± 2.620533', 'eoo': '3.240093 ± 2.577734', 'auc': '49.368421 ± 1.447129', 'f1': '3.800000 ± 2.749545', 'acc': '90.380000 ± 0.274955', 'prauc': '6.205000 ± 2.680807', 'ap': '5.030000 ± 0.110363'}
/home/yuchen/anaconda3/envs/pygod_env/lib/python3.10/site-packages/pygod/detector/anomalydae.py:130: UserWarning: Backbone and num_layers are not used in AnomalyDAE
  warnings.warn("Backbone and num_layers are not used in AnomalyDAE")
/home/yuchen/anaconda3/envs/pygod_env/lib/python3.10/site-packages/pygod/detector/anomalydae.py:130: UserWarning: Backbone and num_layers are not used in AnomalyDAE
  warnings.warn("Backbone and num_layers are not used in AnomalyDAE")
/home/yuchen/anaconda3/envs/pygod_env/lib/python3.10/site-packages/pygod/detector/anomalydae.py:130: UserWarning: Backbone and num_layers are not used in AnomalyDAE
  warnings.warn("Backbone and num_layers are not used in AnomalyDAE")
/home/yuchen/anaconda3/envs/pygod_env/lib/python3.10/site-packages/pygod/detector/anomalydae.py:130: UserWarning: Backbone and num_layers are not used in AnomalyDAE
  warnings.warn("Backbone and num_layers are not used in AnomalyDAE")
/home/yuchen/anaconda3/envs/pygod_env/lib/python3.10/site-packages/pygod/detector/anomalydae.py:130: UserWarning: Backbone and num_layers are not used in AnomalyDAE
  warnings.warn("Backbone and num_layers are not used in AnomalyDAE")
/home/yuchen/anaconda3/envs/pygod_env/lib/python3.10/site-packages/pygod/detector/anomalydae.py:130: UserWarning: Backbone and num_layers are not used in AnomalyDAE
  warnings.warn("Backbone and num_layers are not used in AnomalyDAE")
/home/yuchen/anaconda3/envs/pygod_env/lib/python3.10/site-packages/pygod/detector/anomalydae.py:130: UserWarning: Backbone and num_layers are not used in AnomalyDAE
  warnings.warn("Backbone and num_layers are not used in AnomalyDAE")
/home/yuchen/anaconda3/envs/pygod_env/lib/python3.10/site-packages/pygod/detector/anomalydae.py:130: UserWarning: Backbone and num_layers are not used in AnomalyDAE
  warnings.warn("Backbone and num_layers are not used in AnomalyDAE")
/home/yuchen/anaconda3/envs/pygod_env/lib/python3.10/site-packages/pygod/detector/anomalydae.py:130: UserWarning: Backbone and num_layers are not used in AnomalyDAE
  warnings.warn("Backbone and num_layers are not used in AnomalyDAE")
/home/yuchen/anaconda3/envs/pygod_env/lib/python3.10/site-packages/pygod/detector/anomalydae.py:130: UserWarning: Backbone and num_layers are not used in AnomalyDAE
  warnings.warn("Backbone and num_layers are not used in AnomalyDAE")
german AnomalyDAE cont_struc: {'dp': '2.056500 ± 2.291518', 'eoo': '4.179567 ± 2.231705', 'auc': '51.363287 ± 1.915802', 'f1': '8.721039 ± 4.185333', 'acc': '89.270000 ± 0.729452', 'prauc': '12.371238 ± 4.307525', 'ap': '7.470600 ± 0.745335'}
/home/yuchen/anaconda3/envs/pygod_env/lib/python3.10/site-packages/pygod/detector/anomalydae.py:130: UserWarning: Backbone and num_layers are not used in AnomalyDAE
  warnings.warn("Backbone and num_layers are not used in AnomalyDAE")
/home/yuchen/anaconda3/envs/pygod_env/lib/python3.10/site-packages/pygod/detector/anomalydae.py:130: UserWarning: Backbone and num_layers are not used in AnomalyDAE
  warnings.warn("Backbone and num_layers are not used in AnomalyDAE")
/home/yuchen/anaconda3/envs/pygod_env/lib/python3.10/site-packages/pygod/detector/anomalydae.py:130: UserWarning: Backbone and num_layers are not used in AnomalyDAE
  warnings.warn("Backbone and num_layers are not used in AnomalyDAE")
/home/yuchen/anaconda3/envs/pygod_env/lib/python3.10/site-packages/pygod/detector/anomalydae.py:130: UserWarning: Backbone and num_layers are not used in AnomalyDAE
  warnings.warn("Backbone and num_layers are not used in AnomalyDAE")
/home/yuchen/anaconda3/envs/pygod_env/lib/python3.10/site-packages/pygod/detector/anomalydae.py:130: UserWarning: Backbone and num_layers are not used in AnomalyDAE
  warnings.warn("Backbone and num_layers are not used in AnomalyDAE")
/home/yuchen/anaconda3/envs/pygod_env/lib/python3.10/site-packages/pygod/detector/anomalydae.py:130: UserWarning: Backbone and num_layers are not used in AnomalyDAE
  warnings.warn("Backbone and num_layers are not used in AnomalyDAE")
/home/yuchen/anaconda3/envs/pygod_env/lib/python3.10/site-packages/pygod/detector/anomalydae.py:130: UserWarning: Backbone and num_layers are not used in AnomalyDAE
  warnings.warn("Backbone and num_layers are not used in AnomalyDAE")
/home/yuchen/anaconda3/envs/pygod_env/lib/python3.10/site-packages/pygod/detector/anomalydae.py:130: UserWarning: Backbone and num_layers are not used in AnomalyDAE
  warnings.warn("Backbone and num_layers are not used in AnomalyDAE")
/home/yuchen/anaconda3/envs/pygod_env/lib/python3.10/site-packages/pygod/detector/anomalydae.py:130: UserWarning: Backbone and num_layers are not used in AnomalyDAE
  warnings.warn("Backbone and num_layers are not used in AnomalyDAE")
/home/yuchen/anaconda3/envs/pygod_env/lib/python3.10/site-packages/pygod/detector/anomalydae.py:130: UserWarning: Backbone and num_layers are not used in AnomalyDAE
  warnings.warn("Backbone and num_layers are not used in AnomalyDAE")
german AnomalyDAE path_dice: {'dp': '3.363521 ± 2.092315', 'eoo': '7.238095 ± 5.889381', 'auc': '51.157895 ± 1.835326', 'f1': '7.200000 ± 3.487119', 'acc': '90.720000 ± 0.348712', 'prauc': '9.520000 ± 3.399941', 'ap': '5.280000 ± 0.316986'}
german CoLA structural: {'dp': '1.496026 ± 0.981767', 'eoo': '3.476874 ± 1.635527', 'auc': '51.037851 ± 1.722434', 'f1': '8.857143 ± 4.030496', 'acc': '87.240000 ± 0.564269', 'prauc': '13.834444 ± 4.247695', 'ap': '9.411111 ± 0.517234'}
german CoLA contextual: {'dp': '1.498047 ± 1.124731', 'eoo': '6.102941 ± 5.406287', 'auc': '56.421053 ± 13.814762', 'f1': '17.200000 ± 26.248048', 'acc': '91.720000 ± 2.624805', 'prauc': '19.270000 ± 25.591846', 'ap': '13.988000 ± 17.609064'}
german CoLA dice: {'dp': '2.016063 ± 1.050821', 'eoo': '11.727941 ± 9.762328', 'auc': '61.263158 ± 12.568262', 'f1': '26.400000 ± 23.879698', 'acc': '92.640000 ± 2.387970', 'prauc': '28.240000 ± 23.282706', 'ap': '16.352000 ± 12.447866'}
german CoLA path: {'dp': '2.448626 ± 1.732080', 'eoo': '4.032634 ± 3.881031', 'auc': '51.263158 ± 3.767480', 'f1': '7.400000 ± 7.158212', 'acc': '90.740000 ± 0.715821', 'prauc': '9.715000 ± 6.979257', 'ap': '5.690000 ± 1.127590'}
german CoLA cont_struc: {'dp': '1.630516 ± 0.904540', 'eoo': '7.378741 ± 6.324560', 'auc': '53.072197 ± 4.725219', 'f1': '12.500000 ± 10.253726', 'acc': '89.500000 ± 1.230447', 'prauc': '15.982143 ± 10.239077', 'ap': '8.938571 ± 2.890986'}
german CoLA path_dice: {'dp': '1.267144 ± 0.838758', 'eoo': '7.904762 ± 7.266236', 'auc': '51.052632 ± 2.502077', 'f1': '7.000000 ± 4.753946', 'acc': '90.700000 ± 0.475395', 'prauc': '9.325000 ± 4.635097', 'ap': '5.366000 ± 0.569284'}
german CONAD structural: {'dp': '2.524544 ± 0.140252', 'eoo': '14.465710 ± 0.803961', 'auc': '55.616606 ± 0.279767', 'f1': '19.571429 ± 0.654654', 'acc': '88.740000 ± 0.091652', 'prauc': '25.126111 ± 0.689932', 'ap': '11.805556 ± 0.229129'}
german CONAD contextual: {'dp': '1.096701 ± 0.186673', 'eoo': '3.014706 ± 0.147059', 'auc': '74.947368 ± 0.421053', 'f1': '52.400000 ± 0.800000', 'acc': '95.240000 ± 0.080000', 'prauc': '53.590000 ± 0.780000', 'ap': '29.844000 ± 0.808000'}
german CONAD dice: {'dp': '1.190037 ± 0.000000', 'eoo': '2.573529 ± 0.000000', 'auc': '77.894737 ± 0.000000', 'f1': '58.000000 ± 0.000000', 'acc': '95.800000 ± 0.000000', 'prauc': '59.050000 ± 0.000000', 'ap': '35.740000 ± 0.000000'}
german CONAD path: {'dp': '2.448626 ± 0.491623', 'eoo': '8.787879 ± 4.190686', 'auc': '52.526316 ± 0.736842', 'f1': '9.800000 ± 1.400000', 'acc': '90.980000 ± 0.140000', 'prauc': '12.055000 ± 1.365000', 'ap': '5.490000 ± 0.175556'}
german CONAD cont_struc: {'dp': '2.142964 ± 0.000000', 'eoo': '18.885449 ± 0.000000', 'auc': '60.368664 ± 0.000000', 'f1': '28.333333 ± 0.000000', 'acc': '91.400000 ± 0.000000', 'prauc': '31.792857 ± 0.000000', 'ap': '13.557143 ± 0.000000'}
german CONAD path_dice: {'dp': '1.537343 ± 0.553180', 'eoo': '6.476190 ± 5.333333', 'auc': '55.368421 ± 0.842105', 'f1': '15.200000 ± 1.600000', 'acc': '91.520000 ± 0.160000', 'prauc': '17.320000 ± 1.560000', 'ap': '6.576000 ± 0.368000'}
german DOMINANT structural: {'dp': '1.963534 ± 0.662807', 'eoo': '12.073365 ± 2.892044', 'auc': '55.616606 ± 1.159951', 'f1': '19.571429 ± 2.714286', 'acc': '88.740000 ± 0.380000', 'prauc': '25.126111 ± 2.860556', 'ap': '11.881111 ± 0.920789'}
german DOMINANT contextual: {'dp': '1.190037 ± 0.000000', 'eoo': '2.941176 ± 0.000000', 'auc': '74.736842 ± 0.000000', 'f1': '52.000000 ± 0.000000', 'acc': '95.200000 ± 0.000000', 'prauc': '53.200000 ± 0.000000', 'ap': '29.440000 ± 0.000000'}
german DOMINANT dice: {'dp': '1.190037 ± 0.000000', 'eoo': '2.573529 ± 2.131085', 'auc': '77.789474 ± 0.874381', 'f1': '57.800000 ± 1.661325', 'acc': '95.780000 ± 0.166132', 'prauc': '58.855000 ± 1.619792', 'ap': '35.546000 ± 1.842716'}
german DOMINANT path: {'dp': '2.119003 ± 0.352382', 'eoo': '11.678322 ± 1.981900', 'auc': '52.736842 ± 0.566859', 'f1': '10.200000 ± 1.077033', 'acc': '91.020000 ± 0.107703', 'prauc': '12.445000 ± 1.050107', 'ap': '5.542000 ± 0.167678'}
german DOMINANT cont_struc: {'dp': '2.142964 ± 0.208340', 'eoo': '24.148607 ± 1.240109', 'auc': '59.600614 ± 0.485757', 'f1': '26.666667 ± 1.054093', 'acc': '91.200000 ± 0.126491', 'prauc': '30.128571 ± 1.052587', 'ap': '12.725714 ± 0.515190'}
german DOMINANT path_dice: {'dp': '1.211240 ± 0.000000', 'eoo': '2.952381 ± 1.309307', 'auc': '55.473684 ± 0.482376', 'f1': '15.400000 ± 0.916515', 'acc': '91.540000 ± 0.091652', 'prauc': '17.515000 ± 0.893602', 'ap': '6.610000 ± 0.229129'}
german DONE structural: {'dp': '1.636279 ± 0.000000', 'eoo': '2.073365 ± 0.000000', 'auc': '51.526252 ± 0.000000', 'f1': '10.000000 ± 0.000000', 'acc': '87.400000 ± 0.000000', 'prauc': '15.038889 ± 0.000000', 'ap': '9.388889 ± 0.000000'}
german DONE contextual: {'dp': '0.350011 ± 0.186673', 'eoo': '2.205882 ± 0.930082', 'auc': '80.421053 ± 0.842105', 'f1': '62.800000 ± 1.600000', 'acc': '96.280000 ± 0.160000', 'prauc': '63.730000 ± 1.560000', 'ap': '41.324000 ± 1.908063'}
german DONE dice: {'dp': '1.190037 ± 0.000000', 'eoo': '8.088235 ± 0.000000', 'auc': '83.157895 ± 0.000000', 'f1': '68.000000 ± 0.000000', 'acc': '96.800000 ± 0.000000', 'prauc': '68.800000 ± 0.000000', 'ap': '47.840000 ± 0.000000'}
german DONE path: {'dp': '2.024825 ± 0.000000', 'eoo': '2.797203 ± 0.000000', 'auc': '55.789474 ± 0.000000', 'f1': '16.000000 ± 0.000000', 'acc': '91.600000 ± 0.000000', 'prauc': '18.100000 ± 0.000000', 'ap': '6.760000 ± 0.000000'}
german DONE cont_struc: {'dp': '2.236136 ± 0.186345', 'eoo': '22.022704 ± 0.960584', 'auc': '61.597542 ± 0.376266', 'f1': '31.000000 ± 0.816497', 'acc': '91.720000 ± 0.097980', 'prauc': '34.455714 ± 0.815330', 'ap': '15.031429 ± 0.468902'}
german DONE path_dice: {'dp': '1.677102 ± 0.000000', 'eoo': '11.428571 ± 0.000000', 'auc': '51.578947 ± 0.000000', 'f1': '8.000000 ± 0.000000', 'acc': '90.800000 ± 0.000000', 'prauc': '10.300000 ± 0.000000', 'ap': '5.240000 ± 0.000000'}
german GAE structural: {'dp': '2.103787 ± 0.000000', 'eoo': '0.797448 ± 0.000000', 'auc': '50.305250 ± 0.000000', 'f1': '7.142857 ± 0.000000', 'acc': '87.000000 ± 0.000000', 'prauc': '12.027778 ± 0.000000', 'ap': '9.055556 ± 0.000000'}
german GAE contextual: {'dp': '1.190037 ± 0.000000', 'eoo': '1.470588 ± 1.102941', 'auc': '77.368421 ± 0.526316', 'f1': '57.000000 ± 1.000000', 'acc': '95.700000 ± 0.100000', 'prauc': '58.075000 ± 0.975000', 'ap': '34.650000 ± 1.090000'}
german GAE dice: {'dp': '0.490015 ± 0.233341', 'eoo': '4.595588 ± 3.860294', 'auc': '80.000000 ± 0.000000', 'f1': '62.000000 ± 0.000000', 'acc': '96.200000 ± 0.000000', 'prauc': '62.950000 ± 0.000000', 'ap': '40.340000 ± 0.000000'}
german GAE path: {'dp': '2.024825 ± 0.000000', 'eoo': '7.925408 ± 0.000000', 'auc': '53.684211 ± 0.000000', 'f1': '12.000000 ± 0.000000', 'acc': '91.200000 ± 0.000000', 'prauc': '14.200000 ± 0.000000', 'ap': '5.840000 ± 0.000000'}
german GAE cont_struc: {'dp': '2.142964 ± 0.000000', 'eoo': '18.885449 ± 0.000000', 'auc': '60.368664 ± 0.000000', 'f1': '28.333333 ± 0.000000', 'acc': '91.400000 ± 0.000000', 'prauc': '31.792857 ± 0.000000', 'ap': '13.557143 ± 0.000000'}
german GAE path_dice: {'dp': '1.677102 ± 0.000000', 'eoo': '11.428571 ± 0.000000', 'auc': '51.578947 ± 0.000000', 'f1': '8.000000 ± 0.000000', 'acc': '90.800000 ± 0.000000', 'prauc': '10.300000 ± 0.000000', 'ap': '5.240000 ± 0.000000'}
german GADNR structural: {'dp': '1.636279 ± 0.627228', 'eoo': '11.196172 ± 6.657732', 'auc': '55.311355 ± 4.663841', 'f1': '18.857143 ± 10.913388', 'acc': '88.640000 ± 1.527874', 'prauc': '24.373333 ± 11.501499', 'ap': '12.848889 ± 3.089569'}
german GADNR contextual: {'dp': '0.746690 ± 0.453066', 'eoo': '2.536765 ± 3.600126', 'auc': '53.578947 ± 5.438144', 'f1': '11.800000 ± 10.332473', 'acc': '91.180000 ± 1.033247', 'prauc': '14.005000 ± 10.074161', 'ap': '6.870000 ± 2.201459'}
german GADNR dice: {'dp': '0.984698 ± 0.856764', 'eoo': '4.669118 ± 6.333888', 'auc': '65.578947 ± 6.540731', 'f1': '34.600000 ± 12.427389', 'acc': '93.460000 ± 1.242739', 'prauc': '36.235000 ± 12.116704', 'ap': '16.786000 ± 6.852066'}
german GADNR path: {'dp': '1.506847 ± 0.444236', 'eoo': '7.575758 ± 5.417011', 'auc': '66.631579 ± 4.132166', 'f1': '36.600000 ± 7.851115', 'acc': '93.660000 ± 0.785111', 'prauc': '38.185000 ± 7.654837', 'ap': '17.182000 ± 5.092374'}
german GADNR cont_struc: {'dp': '1.956619 ± 0.959268', 'eoo': '13.962848 ± 7.505787', 'auc': '60.138249 ± 2.975633', 'f1': '27.833333 ± 6.457124', 'acc': '91.340000 ± 0.774855', 'prauc': '31.293571 ± 6.447899', 'ap': '13.727143 ± 3.410449'}
german GADNR path_dice: {'dp': '0.149076 ± 0.074538', 'eoo': '5.523810 ± 3.804759', 'auc': '63.052632 ± 9.154869', 'f1': '28.800000 ± 18.872202', 'acc': '93.880000 ± 1.342237', 'prauc': '40.580000 ± 13.303180', 'ap': '15.416000 ± 6.848619'}
